<?xml version="1.0" encoding="UTF-8"?>
<robot generated="20170613 17:14:26.600" generator="Robot 3.0.2 (Python 2.7.13 on darwin)">
<suite source="/Users/dmontgomery/Sites/Robot Framework/Automation Demos/Project/tests/saucelabs.robot" id="s1" name="Saucelabs">
<test id="s1-t1" name="User can open home">
<kw name="Begin Sauce Test">
<kw name="Open Browser" library="Selenium2Library">
<doc>Opens a new browser instance to given URL.</doc>
<arguments>
<arg>${URL}</arg>
<arg>${BROWSER}</arg>
<arg>remote_url=${REMOTE_URL}</arg>
<arg>desired_capabilities=${DESIRED_CAPABILITIES}</arg>
</arguments>
<msg timestamp="20170613 17:14:26.794" level="INFO">Opening browser 'chrome' to base url 'http://www.z.co.nz'</msg>
<status status="PASS" endtime="20170613 17:14:32.032" starttime="20170613 17:14:26.793"></status>
</kw>
<kw name="Maximize Browser Window" library="Selenium2Library">
<doc>Maximizes current browser window.</doc>
<status status="PASS" endtime="20170613 17:14:32.513" starttime="20170613 17:14:32.032"></status>
</kw>
<status status="PASS" endtime="20170613 17:14:32.513" starttime="20170613 17:14:26.793"></status>
</kw>
<kw name="Wait Until Page Contains" library="Selenium2Library">
<doc>Waits until `text` appears on current page.</doc>
<arguments>
<arg>Find a Z near you</arg>
</arguments>
<status status="PASS" endtime="20170613 17:14:32.533" starttime="20170613 17:14:32.513"></status>
</kw>
<kw name="End Sauce Test">
<kw name="Close Browser" library="Selenium2Library">
<doc>Closes the current browser.</doc>
<status status="PASS" endtime="20170613 17:14:32.598" starttime="20170613 17:14:32.533"></status>
</kw>
<status status="PASS" endtime="20170613 17:14:32.598" starttime="20170613 17:14:32.533"></status>
</kw>
<status status="PASS" endtime="20170613 17:14:32.598" critical="yes" starttime="20170613 17:14:26.793"></status>
</test>
<status status="PASS" endtime="20170613 17:14:32.599" starttime="20170613 17:14:26.602"></status>
</suite>
<statistics>
<total>
<stat fail="0" pass="1">Critical Tests</stat>
<stat fail="0" pass="1">All Tests</stat>
</total>
<tag>
</tag>
<suite>
<stat fail="0" id="s1" name="Saucelabs" pass="1">Saucelabs</stat>
</suite>
</statistics>
<errors>
<msg timestamp="20170613 17:14:26.792" level="ERROR">Error in file '/Users/dmontgomery/Sites/Robot Framework/Automation Demos/Project/tests/saucelabs.robot': Importing test library '/Library/Frameworks/Python.framework/Versions/2.7/lib/python2.7/site-packages/Sauceclient.py' failed: ImportError: No module named Sauceclient
Traceback (most recent call last):
  None
PYTHONPATH:
  /Library/Frameworks/Python.framework/Versions/2.7/bin
  /Library/Frameworks/Python.framework/Versions/2.7/lib/python27.zip
  /Library/Frameworks/Python.framework/Versions/2.7/lib/python2.7
  /Library/Frameworks/Python.framework/Versions/2.7/lib/python2.7/plat-darwin
  /Library/Frameworks/Python.framework/Versions/2.7/lib/python2.7/plat-mac
  /Library/Frameworks/Python.framework/Versions/2.7/lib/python2.7/plat-mac/lib-scriptpackages
  /Library/Frameworks/Python.framework/Versions/2.7/lib/python2.7/lib-tk
  /Library/Frameworks/Python.framework/Versions/2.7/lib/python2.7/lib-old
  /Library/Frameworks/Python.framework/Versions/2.7/lib/python2.7/lib-dynload
  /Library/Frameworks/Python.framework/Versions/2.7/lib/python2.7/site-packages</msg>
</errors>
</robot>
