<?xml version="1.0" encoding="UTF-8"?>
<robot generated="20170524 06:28:06.209" generator="Robot 3.0.2 (Python 2.7.13 on darwin)">
<suite source="/Users/dmontgomery/Sites/Robot Framework/Automation Demos/saucelabs-applitools/tests/applitools-baseline.robot" id="s1" name="Applitools-Baseline">
<test id="s1-t1" name="Test1">
<kw name="Open Browser" library="Selenium2Library">
<doc>Opens a new browser instance to given URL.</doc>
<arguments>
<arg>${Applitools-url}</arg>
<arg>Chrome</arg>
</arguments>
<msg timestamp="20170524 06:28:09.107" level="INFO">Opening browser 'Chrome' to base url 'https://www.applitools.com/'</msg>
<status status="PASS" endtime="20170524 06:28:15.084" starttime="20170524 06:28:09.106"></status>
</kw>
<kw name="Open Eyes Session" library="RobotAppEyes">
<doc>Starts a session with the Applitools Eyes Website.</doc>
<arguments>
<arg>${Applitools-url}</arg>
<arg>${Applitools-AppName}</arg>
<arg>${Applitools-TestName}</arg>
<arg>${Applitools-Key}</arg>
<arg>width=${Width}</arg>
<arg>height=${Height}</arg>
<arg>matchlevel=${MatchLevel}</arg>
<arg>baselineName=${baselineName}</arg>
</arguments>
<msg timestamp="20170524 06:28:15.085" level="FAIL">Keyword 'RobotAppEyes.Open Eyes Session' got positional argument after named arguments.</msg>
<status status="FAIL" endtime="20170524 06:28:15.085" starttime="20170524 06:28:15.085"></status>
</kw>
<status status="FAIL" endtime="20170524 06:28:15.085" critical="yes" starttime="20170524 06:28:09.105">Keyword 'RobotAppEyes.Open Eyes Session' got positional argument after named arguments.</status>
</test>
<test id="s1-t2" name="Test2">
<kw name="Open Browser" library="Selenium2Library">
<doc>Opens a new browser instance to given URL.</doc>
<arguments>
<arg>${Applitools-url}</arg>
<arg>Firefox</arg>
</arguments>
<msg timestamp="20170524 06:28:15.087" level="INFO">Opening browser 'Firefox' to base url 'https://www.applitools.com/'</msg>
<kw name="Capture Page Screenshot" library="Selenium2Library">
<doc>Takes a screenshot of the current page and embeds it into the log.</doc>
<msg timestamp="20170524 06:28:16.955" html="yes" level="INFO">&lt;/td&gt;&lt;/tr&gt;&lt;tr&gt;&lt;td colspan="3"&gt;&lt;a href="selenium-screenshot-1.png"&gt;&lt;img src="selenium-screenshot-1.png" width="800px"&gt;&lt;/a&gt;</msg>
<status status="PASS" endtime="20170524 06:28:16.955" starttime="20170524 06:28:16.297"></status>
</kw>
<msg timestamp="20170524 06:28:16.959" level="FAIL">WebDriverException: Message: Unable to find a matching set of capabilities
</msg>
<status status="FAIL" endtime="20170524 06:28:16.959" starttime="20170524 06:28:15.086"></status>
</kw>
<status status="FAIL" endtime="20170524 06:28:16.961" critical="yes" starttime="20170524 06:28:15.086">WebDriverException: Message: Unable to find a matching set of capabilities
</status>
</test>
<status status="FAIL" endtime="20170524 06:28:16.962" starttime="20170524 06:28:06.211"></status>
</suite>
<statistics>
<total>
<stat fail="2" pass="0">Critical Tests</stat>
<stat fail="2" pass="0">All Tests</stat>
</total>
<tag>
</tag>
<suite>
<stat fail="2" id="s1" name="Applitools-Baseline" pass="0">Applitools-Baseline</stat>
</suite>
</statistics>
<errors>
</errors>
</robot>
